This is pdfTeX, Version 3.14159265-2.6-1.40.19 (TeX Live 2018/Arch Linux) (preloaded format=pdflatex 2019.1.20)  20 JAN 2019 14:42
entering extended mode
 restricted \write18 enabled.
 %&-line parsing enabled.
**./draft.tex
(./draft.tex
LaTeX2e <2018-04-01> patch level 5
(/usr/share/texmf-dist/tex/latex/base/article.cls
Document Class: article 2014/09/29 v1.4h Standard LaTeX document class
(/usr/share/texmf-dist/tex/latex/base/size10.clo
File: size10.clo 2014/09/29 v1.4h Standard LaTeX file (size option)
)
\c@part=\count80
\c@section=\count81
\c@subsection=\count82
\c@subsubsection=\count83
\c@paragraph=\count84
\c@subparagraph=\count85
\c@figure=\count86
\c@table=\count87
\abovecaptionskip=\skip41
\belowcaptionskip=\skip42
\bibindent=\dimen102
)
(/usr/share/texmf-dist/tex/latex/graphics/graphicx.sty
Package: graphicx 2017/06/01 v1.1a Enhanced LaTeX Graphics (DPC,SPQR)

(/usr/share/texmf-dist/tex/latex/graphics/keyval.sty
Package: keyval 2014/10/28 v1.15 key=value parser (DPC)
\KV@toks@=\toks14
)
(/usr/share/texmf-dist/tex/latex/graphics/graphics.sty
Package: graphics 2017/06/25 v1.2c Standard LaTeX Graphics (DPC,SPQR)

(/usr/share/texmf-dist/tex/latex/graphics/trig.sty
Package: trig 2016/01/03 v1.10 sin cos tan (DPC)
)
(/usr/share/texmf-dist/tex/latex/graphics-cfg/graphics.cfg
File: graphics.cfg 2016/06/04 v1.11 sample graphics configuration
)
Package graphics Info: Driver file: pdftex.def on input line 99.

(/usr/share/texmf-dist/tex/latex/graphics-def/pdftex.def
File: pdftex.def 2018/01/08 v1.0l Graphics/color driver for pdftex
))
\Gin@req@height=\dimen103
\Gin@req@width=\dimen104
)
(/usr/share/texmf-dist/tex/latex/url/url.sty
\Urlmuskip=\muskip10
Package: url 2013/09/16  ver 3.4  Verb mode for urls, etc.
)
(/usr/share/texmf-dist/tex/latex/preprint/fullpage.sty
Package: fullpage 1999/02/23 1.1 (PWD)
\FP@margin=\skip43
)
(/usr/share/texmf-dist/tex/latex/amsmath/amsmath.sty
Package: amsmath 2017/09/02 v2.17a AMS math features
\@mathmargin=\skip44

For additional information on amsmath, use the `?' option.
(/usr/share/texmf-dist/tex/latex/amsmath/amstext.sty
Package: amstext 2000/06/29 v2.01 AMS text

(/usr/share/texmf-dist/tex/latex/amsmath/amsgen.sty
File: amsgen.sty 1999/11/30 v2.0 generic functions
\@emptytoks=\toks15
\ex@=\dimen105
))
(/usr/share/texmf-dist/tex/latex/amsmath/amsbsy.sty
Package: amsbsy 1999/11/29 v1.2d Bold Symbols
\pmbraise@=\dimen106
)
(/usr/share/texmf-dist/tex/latex/amsmath/amsopn.sty
Package: amsopn 2016/03/08 v2.02 operator names
)
\inf@bad=\count88
LaTeX Info: Redefining \frac on input line 213.
\uproot@=\count89
\leftroot@=\count90
LaTeX Info: Redefining \overline on input line 375.
\classnum@=\count91
\DOTSCASE@=\count92
LaTeX Info: Redefining \ldots on input line 472.
LaTeX Info: Redefining \dots on input line 475.
LaTeX Info: Redefining \cdots on input line 596.
\Mathstrutbox@=\box26
\strutbox@=\box27
\big@size=\dimen107
LaTeX Font Info:    Redeclaring font encoding OML on input line 712.
LaTeX Font Info:    Redeclaring font encoding OMS on input line 713.
\macc@depth=\count93
\c@MaxMatrixCols=\count94
\dotsspace@=\muskip11
\c@parentequation=\count95
\dspbrk@lvl=\count96
\tag@help=\toks16
\row@=\count97
\column@=\count98
\maxfields@=\count99
\andhelp@=\toks17
\eqnshift@=\dimen108
\alignsep@=\dimen109
\tagshift@=\dimen110
\tagwidth@=\dimen111
\totwidth@=\dimen112
\lineht@=\dimen113
\@envbody=\toks18
\multlinegap=\skip45
\multlinetaggap=\skip46
\mathdisplay@stack=\toks19
LaTeX Info: Redefining \[ on input line 2817.
LaTeX Info: Redefining \] on input line 2818.
) (./draft.aux)
\openout1 = `draft.aux'.

LaTeX Font Info:    Checking defaults for OML/cmm/m/it on input line 36.
LaTeX Font Info:    ... okay on input line 36.
LaTeX Font Info:    Checking defaults for T1/cmr/m/n on input line 36.
LaTeX Font Info:    ... okay on input line 36.
LaTeX Font Info:    Checking defaults for OT1/cmr/m/n on input line 36.
LaTeX Font Info:    ... okay on input line 36.
LaTeX Font Info:    Checking defaults for OMS/cmsy/m/n on input line 36.
LaTeX Font Info:    ... okay on input line 36.
LaTeX Font Info:    Checking defaults for OMX/cmex/m/n on input line 36.
LaTeX Font Info:    ... okay on input line 36.
LaTeX Font Info:    Checking defaults for U/cmr/m/n on input line 36.
LaTeX Font Info:    ... okay on input line 36.

(/usr/share/texmf-dist/tex/context/base/mkii/supp-pdf.mkii
[Loading MPS to PDF converter (version 2006.09.02).]
\scratchcounter=\count100
\scratchdimen=\dimen114
\scratchbox=\box28
\nofMPsegments=\count101
\nofMParguments=\count102
\everyMPshowfont=\toks20
\MPscratchCnt=\count103
\MPscratchDim=\dimen115
\MPnumerator=\count104
\makeMPintoPDFobject=\count105
\everyMPtoPDFconversion=\toks21
) (/usr/share/texmf-dist/tex/latex/oberdiek/epstopdf-base.sty
Package: epstopdf-base 2016/05/15 v2.6 Base part for package epstopdf

(/usr/share/texmf-dist/tex/generic/oberdiek/infwarerr.sty
Package: infwarerr 2016/05/16 v1.4 Providing info/warning/error messages (HO)
)
(/usr/share/texmf-dist/tex/latex/oberdiek/grfext.sty
Package: grfext 2016/05/16 v1.2 Manage graphics extensions (HO)

(/usr/share/texmf-dist/tex/generic/oberdiek/kvdefinekeys.sty
Package: kvdefinekeys 2016/05/16 v1.4 Define keys (HO)

(/usr/share/texmf-dist/tex/generic/oberdiek/ltxcmds.sty
Package: ltxcmds 2016/05/16 v1.23 LaTeX kernel commands for general use (HO)
)))
(/usr/share/texmf-dist/tex/latex/oberdiek/kvoptions.sty
Package: kvoptions 2016/05/16 v3.12 Key value format for package options (HO)

(/usr/share/texmf-dist/tex/generic/oberdiek/kvsetkeys.sty
Package: kvsetkeys 2016/05/16 v1.17 Key value parser (HO)

(/usr/share/texmf-dist/tex/generic/oberdiek/etexcmds.sty
Package: etexcmds 2016/05/16 v1.6 Avoid name clashes with e-TeX commands (HO)

(/usr/share/texmf-dist/tex/generic/oberdiek/ifluatex.sty
Package: ifluatex 2016/05/16 v1.4 Provides the ifluatex switch (HO)
Package ifluatex Info: LuaTeX not detected.
)
Package etexcmds Info: Could not find \expanded.
(etexcmds)             That can mean that you are not using pdfTeX 1.50 or
(etexcmds)             that some package has redefined \expanded.
(etexcmds)             In the latter case, load this package earlier.
)))
(/usr/share/texmf-dist/tex/generic/oberdiek/pdftexcmds.sty
Package: pdftexcmds 2018/09/10 v0.29 Utility functions of pdfTeX for LuaTeX (HO
)

(/usr/share/texmf-dist/tex/generic/oberdiek/ifpdf.sty
Package: ifpdf 2018/09/07 v3.3 Provides the ifpdf switch
)
Package pdftexcmds Info: LuaTeX not detected.
Package pdftexcmds Info: \pdf@primitive is available.
Package pdftexcmds Info: \pdf@ifprimitive is available.
Package pdftexcmds Info: \pdfdraftmode found.
)
Package epstopdf-base Info: Redefining graphics rule for `.eps' on input line 4
38.
Package grfext Info: Graphics extension search list:
(grfext)             [.pdf,.png,.jpg,.mps,.jpeg,.jbig2,.jb2,.PDF,.PNG,.JPG,.JPE
G,.JBIG2,.JB2,.eps]
(grfext)             \AppendGraphicsExtensions on input line 456.

(/usr/share/texmf-dist/tex/latex/latexconfig/epstopdf-sys.cfg
File: epstopdf-sys.cfg 2010/07/13 v1.3 Configuration of (r)epstopdf for TeX Liv
e
)) [1

{/var/lib/texmf/fonts/map/pdftex/updmap/pdftex.map}] [2]
<./img/flow_diagram.png, id=15, 614.295pt x 794.97pt>
File: ./img/flow_diagram.png Graphic file (type png)
<use ./img/flow_diagram.png>
Package pdftex.def Info: ./img/flow_diagram.png  used on input line 195.
(pdftex.def)             Requested size: 355.65944pt x 460.2702pt.
 [3]
LaTeX Font Info:    Font shape `OT1/cmtt/bx/n' in size <12> not available
(Font)              Font shape `OT1/cmtt/m/n' tried instead on input line 212.
 [4 <./img/flow_diagram.png>]
Overfull \hbox (42.98416pt too wide) in paragraph at lines 301--305
\OT1/cmr/m/n/10 pop-u-la-tion are ran-domly as-signed in ac-cor-dance with the 
\OT1/cmtt/m/n/10 Species\OT1/cmr/m/n/10 ' \OT1/cmtt/m/n/10 GenomicArchitecture\
OT1/cmr/m/n/10 . The \OT1/cmtt/m/n/10 GenomicArchitecture
 []

[5]
LaTeX Font Info:    Try loading font information for OMS+cmr on input line 306.

 (/usr/share/texmf-dist/tex/latex/base/omscmr.fd
File: omscmr.fd 2014/09/29 v2.5h Standard LaTeX font definitions
)
LaTeX Font Info:    Font shape `OMS/cmr/m/n' in size <10> not available
(Font)              Font shape `OMS/cmsy/m/n' tried instead on input line 306.
 [6] [7]
<./img/validation/wf/allele_trajectories.png, id=42, 1387.584pt x 715.473pt>
File: ./img/validation/wf/allele_trajectories.png Graphic file (type png)
<use ./img/validation/wf/allele_trajectories.png>
Package pdftex.def Info: ./img/validation/wf/allele_trajectories.png  used on i
nput line 449.
(pdftex.def)             Requested size: 355.65944pt x 183.38754pt.
<./img/validation/wf/pop_size_vs_K_factor_and_mean_persist_t_vs_pop_size.png, i
d=43, 1387.584pt x 715.473pt>
File: ./img/validation/wf/pop_size_vs_K_factor_and_mean_persist_t_vs_pop_size.p
ng Graphic file (type png)
<use ./img/validation/wf/pop_size_vs_K_factor_and_mean_persist_t_vs_pop_size.pn
g>
Package pdftex.def Info: ./img/validation/wf/pop_size_vs_K_factor_and_mean_pers
ist_t_vs_pop_size.png  used on input line 451.
(pdftex.def)             Requested size: 355.65944pt x 183.38754pt.
 [8 <./img/validation/wf/allele_trajectories.png> <./img/validation/wf/pop_size
_vs_K_factor_and_mean_persist_t_vs_pop_size.png>]
<./img/validation/bottleneck/alleles_seem_to_take_too_long_to_fix.png, id=49, 1
387.584pt x 715.473pt>
File: ./img/validation/bottleneck/alleles_seem_to_take_too_long_to_fix.png Grap
hic file (type png)
<use ./img/validation/bottleneck/alleles_seem_to_take_too_long_to_fix.png>
Package pdftex.def Info: ./img/validation/bottleneck/alleles_seem_to_take_too_l
ong_to_fix.png  used on input line 479.
(pdftex.def)             Requested size: 355.65944pt x 183.38754pt.
 [9 <./img/validation/bottleneck/alleles_seem_to_take_too_long_to_fix.png>]
<./img/validation/stepping_stone/Fst_over_time_vs_interisland_dist.png, id=54, 
1387.584pt x 715.473pt>
File: ./img/validation/stepping_stone/Fst_over_time_vs_interisland_dist.png Gra
phic file (type png)
<use ./img/validation/stepping_stone/Fst_over_time_vs_interisland_dist.png>
Package pdftex.def Info: ./img/validation/stepping_stone/Fst_over_time_vs_inter
island_dist.png  used on input line 533.
(pdftex.def)             Requested size: 355.65944pt x 183.38754pt.
<./img/validation/stepping_stone/pop_size_over_time.png, id=55, 1387.584pt x 71
5.473pt>
File: ./img/validation/stepping_stone/pop_size_over_time.png Graphic file (type
 png)
<use ./img/validation/stepping_stone/pop_size_over_time.png>
Package pdftex.def Info: ./img/validation/stepping_stone/pop_size_over_time.png
  used on input line 535.
(pdftex.def)             Requested size: 355.65944pt x 183.38754pt.
<./img/validation/stepping_stone/pop_plot_and_Fst_and_mig_rate_plot.png, id=56,
 1387.584pt x 715.473pt>
File: ./img/validation/stepping_stone/pop_plot_and_Fst_and_mig_rate_plot.png Gr
aphic file (type png)
<use ./img/validation/stepping_stone/pop_plot_and_Fst_and_mig_rate_plot.png>
Package pdftex.def Info: ./img/validation/stepping_stone/pop_plot_and_Fst_and_m
ig_rate_plot.png  used on input line 537.
(pdftex.def)             Requested size: 355.65944pt x 183.38754pt.
 [10 <./img/validation/stepping_stone/Fst_over_time_vs_interisland_dist.png> <.
/img/validation/stepping_stone/pop_size_over_time.png>] [11 <./img/validation/s
tepping_stone/pop_plot_and_Fst_and_mig_rate_plot.png>]
<./img/validation/divergence/divergence_test_ca1400_individuals_1000_timesteps.
png, id=67, 1387.584pt x 715.473pt>
File: ./img/validation/divergence/divergence_test_ca1400_individuals_1000_times
teps.png Graphic file (type png)
<use ./img/validation/divergence/divergence_test_ca1400_individuals_1000_timest
eps.png>
Package pdftex.def Info: ./img/validation/divergence/divergence_test_ca1400_ind
ividuals_1000_timesteps.png  used on input line 589.
(pdftex.def)             Requested size: 355.65944pt x 183.38754pt.
 [12 <./img/validation/divergence/divergence_test_ca1400_individuals_1000_times
teps.png>]
<./img/validation/cline/cline_adaptation_phi_0pt01_2500_timesteps.png, id=72, 1
387.584pt x 715.473pt>
File: ./img/validation/cline/cline_adaptation_phi_0pt01_2500_timesteps.png Grap
hic file (type png)
<use ./img/validation/cline/cline_adaptation_phi_0pt01_2500_timesteps.png>
Package pdftex.def Info: ./img/validation/cline/cline_adaptation_phi_0pt01_2500
_timesteps.png  used on input line 648.
(pdftex.def)             Requested size: 355.65944pt x 183.38754pt.
 [13 <./img/validation/cline/cline_adaptation_phi_0pt01_2500_timesteps.png>]
<./img/validation/sweep/sweep_results.png, id=78, 1387.584pt x 715.473pt>
File: ./img/validation/sweep/sweep_results.png Graphic file (type png)
<use ./img/validation/sweep/sweep_results.png>
Package pdftex.def Info: ./img/validation/sweep/sweep_results.png  used on inpu
t line 707.
(pdftex.def)             Requested size: 355.65944pt x 183.38754pt.
 [14 <./img/validation/sweep/sweep_results.png>]
Overfull \hbox (22.88435pt too wide) in paragraph at lines 772--778
\OML/cmm/m/it/10 True\OMS/cmsy/m/n/10 g\OML/cmm/m/it/10 ; \OMS/cmsy/m/n/10 f\OT
1/cmr/m/n/10 `\OML/cmm/m/it/10 type[] \OT1/cmr/m/n/10 : `\OML/cmm/m/it/10 file[
]; \OT1/cmr/m/n/10 `\OML/cmm/m/it/10 change[] \OT1/cmr/m/n/10 : \OML/cmm/m/it/1
0 True\OMS/cmsy/m/n/10 g\OT1/cmr/m/n/10 ]\OML/cmm/m/it/10 ; species \OT1/cmr/m/
n/10 = [\OMS/cmsy/m/n/10 f\OT1/cmr/m/n/10 `\OML/cmm/m/it/10 movement[] \OT1/cmr
/m/n/10 : \OML/cmm/m/it/10 True; \OT1/cmr/m/n/10 `\OML/cmm/m/it/10 movement[]su
rface[] \OT1/cmr/m/n/10 : \OML/cmm/m/it/10 True; \OT1/cmr/m/n/10 `\OML/cmm/m/it
/10 genomes[] \OT1/cmr/m/n/10 :
 []


Overfull \hbox (4.05151pt too wide) in paragraph at lines 780--792
[]\OT1/cmr/m/n/10 After run-ning this com-mand, I opened the re-sult-ing, auto-
generated pa-ram-e-ters file (\OT1/cmtt/m/n/10 yosemite[]params.py\OT1/cmr/m/n/
10 )
 []


Overfull \hbox (62.4727pt too wide) in paragraph at lines 793--799
[]\OT1/cmr/m/n/10 Finally, I wrote a short script to cre-ate a model from the p
a-ram-e-ters (`mod = gnx.make[]model('./yosemite[]params.py')`),
 []

<./img/example/yosemite_results.png, id=83, 1387.584pt x 715.473pt>
File: ./img/example/yosemite_results.png Graphic file (type png)
<use ./img/example/yosemite_results.png>
Package pdftex.def Info: ./img/example/yosemite_results.png  used on input line
 808.
(pdftex.def)             Requested size: 355.65944pt x 183.38754pt.
[15 <./img/example/yosemite_results.png>] [16] (./draft.aux) ) 
Here is how much of TeX's memory you used:
 2234 strings out of 492639
 31889 string characters out of 6135497
 101506 words of memory out of 5000000
 6080 multiletter control sequences out of 15000+600000
 9902 words of font info for 38 fonts, out of 8000000 for 9000
 1141 hyphenation exceptions out of 8191
 41i,17n,25p,333b,199s stack positions out of 5000i,500n,10000p,200000b,80000s
</usr/share/texmf
-dist/fonts/type1/public/amsfonts/cm/cmbx12.pfb></usr/share/texmf-dist/fonts/ty
pe1/public/amsfonts/cm/cmex10.pfb></usr/share/texmf-dist/fonts/type1/public/ams
fonts/cm/cmitt10.pfb></usr/share/texmf-dist/fonts/type1/public/amsfonts/cm/cmmi
10.pfb></usr/share/texmf-dist/fonts/type1/public/amsfonts/cm/cmmi5.pfb></usr/sh
are/texmf-dist/fonts/type1/public/amsfonts/cm/cmmi7.pfb></usr/share/texmf-dist/
fonts/type1/public/amsfonts/cm/cmr10.pfb></usr/share/texmf-dist/fonts/type1/pub
lic/amsfonts/cm/cmr12.pfb></usr/share/texmf-dist/fonts/type1/public/amsfonts/cm
/cmr17.pfb></usr/share/texmf-dist/fonts/type1/public/amsfonts/cm/cmr7.pfb></usr
/share/texmf-dist/fonts/type1/public/amsfonts/cm/cmsy10.pfb></usr/share/texmf-d
ist/fonts/type1/public/amsfonts/cm/cmsy7.pfb></usr/share/texmf-dist/fonts/type1
/public/amsfonts/cm/cmti10.pfb></usr/share/texmf-dist/fonts/type1/public/amsfon
ts/cm/cmtt10.pfb></usr/share/texmf-dist/fonts/type1/public/amsfonts/cm/cmtt12.p
fb>
Output written on draft.pdf (16 pages, 5203031 bytes).
PDF statistics:
 139 PDF objects out of 1000 (max. 8388607)
 83 compressed objects within 1 object stream
 0 named destinations out of 1000 (max. 500000)
 56 words of extra memory for PDF output out of 10000 (max. 10000000)

