This is pdfTeX, Version 3.14159265-2.6-1.40.19 (TeX Live 2018/Arch Linux) (preloaded format=pdflatex 2019.2.19)  22 FEB 2019 18:00
entering extended mode
 restricted \write18 enabled.
 %&-line parsing enabled.
**./HART_Geonomics_methods_paper_DRAFT.tex
(./HART_Geonomics_methods_paper_DRAFT.tex
LaTeX2e <2018-12-01>
(/usr/share/texmf-dist/tex/latex/base/article.cls
Document Class: article 2018/09/03 v1.4i Standard LaTeX document class
(/usr/share/texmf-dist/tex/latex/base/size10.clo
File: size10.clo 2018/09/03 v1.4i Standard LaTeX file (size option)
)
\c@part=\count80
\c@section=\count81
\c@subsection=\count82
\c@subsubsection=\count83
\c@paragraph=\count84
\c@subparagraph=\count85
\c@figure=\count86
\c@table=\count87
\abovecaptionskip=\skip41
\belowcaptionskip=\skip42
\bibindent=\dimen102
)
(/usr/share/texmf-dist/tex/latex/graphics/graphicx.sty
Package: graphicx 2017/06/01 v1.1a Enhanced LaTeX Graphics (DPC,SPQR)

(/usr/share/texmf-dist/tex/latex/graphics/keyval.sty
Package: keyval 2014/10/28 v1.15 key=value parser (DPC)
\KV@toks@=\toks14
)
(/usr/share/texmf-dist/tex/latex/graphics/graphics.sty
Package: graphics 2017/06/25 v1.2c Standard LaTeX Graphics (DPC,SPQR)

(/usr/share/texmf-dist/tex/latex/graphics/trig.sty
Package: trig 2016/01/03 v1.10 sin cos tan (DPC)
)
(/usr/share/texmf-dist/tex/latex/graphics-cfg/graphics.cfg
File: graphics.cfg 2016/06/04 v1.11 sample graphics configuration
)
Package graphics Info: Driver file: pdftex.def on input line 99.

(/usr/share/texmf-dist/tex/latex/graphics-def/pdftex.def
File: pdftex.def 2018/01/08 v1.0l Graphics/color driver for pdftex
))
\Gin@req@height=\dimen103
\Gin@req@width=\dimen104
)
(/usr/share/texmf-dist/tex/latex/url/url.sty
\Urlmuskip=\muskip10
Package: url 2013/09/16  ver 3.4  Verb mode for urls, etc.
)
(/usr/share/texmf-dist/tex/latex/preprint/fullpage.sty
Package: fullpage 1999/02/23 1.1 (PWD)
\FP@margin=\skip43
)
(/usr/share/texmf-dist/tex/latex/amsmath/amsmath.sty
Package: amsmath 2018/12/01 v2.17b AMS math features
\@mathmargin=\skip44

For additional information on amsmath, use the `?' option.
(/usr/share/texmf-dist/tex/latex/amsmath/amstext.sty
Package: amstext 2000/06/29 v2.01 AMS text

(/usr/share/texmf-dist/tex/latex/amsmath/amsgen.sty
File: amsgen.sty 1999/11/30 v2.0 generic functions
\@emptytoks=\toks15
\ex@=\dimen105
))
(/usr/share/texmf-dist/tex/latex/amsmath/amsbsy.sty
Package: amsbsy 1999/11/29 v1.2d Bold Symbols
\pmbraise@=\dimen106
)
(/usr/share/texmf-dist/tex/latex/amsmath/amsopn.sty
Package: amsopn 2016/03/08 v2.02 operator names
)
\inf@bad=\count88
LaTeX Info: Redefining \frac on input line 223.
\uproot@=\count89
\leftroot@=\count90
LaTeX Info: Redefining \overline on input line 385.
\classnum@=\count91
\DOTSCASE@=\count92
LaTeX Info: Redefining \ldots on input line 482.
LaTeX Info: Redefining \dots on input line 485.
LaTeX Info: Redefining \cdots on input line 606.
\Mathstrutbox@=\box27
\strutbox@=\box28
\big@size=\dimen107
LaTeX Font Info:    Redeclaring font encoding OML on input line 729.
LaTeX Font Info:    Redeclaring font encoding OMS on input line 730.
\macc@depth=\count93
\c@MaxMatrixCols=\count94
\dotsspace@=\muskip11
\c@parentequation=\count95
\dspbrk@lvl=\count96
\tag@help=\toks16
\row@=\count97
\column@=\count98
\maxfields@=\count99
\andhelp@=\toks17
\eqnshift@=\dimen108
\alignsep@=\dimen109
\tagshift@=\dimen110
\tagwidth@=\dimen111
\totwidth@=\dimen112
\lineht@=\dimen113
\@envbody=\toks18
\multlinegap=\skip45
\multlinetaggap=\skip46
\mathdisplay@stack=\toks19
LaTeX Info: Redefining \[ on input line 2844.
LaTeX Info: Redefining \] on input line 2845.
)
(/usr/share/texmf-dist/tex/latex/caption/caption.sty
Package: caption 2018/10/06 v3.3-154 Customizing captions (AR)

(/usr/share/texmf-dist/tex/latex/caption/caption3.sty
Package: caption3 2018/09/12 v1.8c caption3 kernel (AR)
Package caption3 Info: TeX engine: e-TeX on input line 64.
\captionmargin=\dimen114
\captionmargin@=\dimen115
\captionwidth=\dimen116
\caption@tempdima=\dimen117
\caption@indent=\dimen118
\caption@parindent=\dimen119
\caption@hangindent=\dimen120
)
\c@caption@flags=\count100
\c@ContinuedFloat=\count101
)
(/usr/share/texmf-dist/tex/latex/hyperref/hyperref.sty
Package: hyperref 2018/11/30 v6.88e Hypertext links for LaTeX

(/usr/share/texmf-dist/tex/generic/oberdiek/hobsub-hyperref.sty
Package: hobsub-hyperref 2016/05/16 v1.14 Bundle oberdiek, subset hyperref (HO)


(/usr/share/texmf-dist/tex/generic/oberdiek/hobsub-generic.sty
Package: hobsub-generic 2016/05/16 v1.14 Bundle oberdiek, subset generic (HO)
Package: hobsub 2016/05/16 v1.14 Construct package bundles (HO)
Package: infwarerr 2016/05/16 v1.4 Providing info/warning/error messages (HO)
Package: ltxcmds 2016/05/16 v1.23 LaTeX kernel commands for general use (HO)
Package: ifluatex 2016/05/16 v1.4 Provides the ifluatex switch (HO)
Package ifluatex Info: LuaTeX not detected.
Package: ifvtex 2016/05/16 v1.6 Detect VTeX and its facilities (HO)
Package ifvtex Info: VTeX not detected.
Package: intcalc 2016/05/16 v1.2 Expandable calculations with integers (HO)
Package: ifpdf 2018/09/07 v3.3 Provides the ifpdf switch
Package: etexcmds 2016/05/16 v1.6 Avoid name clashes with e-TeX commands (HO)
Package etexcmds Info: Could not find \expanded.
(etexcmds)             That can mean that you are not using pdfTeX 1.50 or
(etexcmds)             that some package has redefined \expanded.
(etexcmds)             In the latter case, load this package earlier.
Package: kvsetkeys 2016/05/16 v1.17 Key value parser (HO)
Package: kvdefinekeys 2016/05/16 v1.4 Define keys (HO)
Package: pdftexcmds 2018/09/10 v0.29 Utility functions of pdfTeX for LuaTeX (HO
)
Package pdftexcmds Info: LuaTeX not detected.
Package pdftexcmds Info: \pdf@primitive is available.
Package pdftexcmds Info: \pdf@ifprimitive is available.
Package pdftexcmds Info: \pdfdraftmode found.
Package: pdfescape 2016/05/16 v1.14 Implements pdfTeX's escape features (HO)
Package: bigintcalc 2016/05/16 v1.4 Expandable calculations on big integers (HO
)
Package: bitset 2016/05/16 v1.2 Handle bit-vector datatype (HO)
Package: uniquecounter 2016/05/16 v1.3 Provide unlimited unique counter (HO)
)
Package hobsub Info: Skipping package `hobsub' (already loaded).
Package: letltxmacro 2016/05/16 v1.5 Let assignment for LaTeX macros (HO)
Package: hopatch 2016/05/16 v1.3 Wrapper for package hooks (HO)
Package: xcolor-patch 2016/05/16 xcolor patch
Package: atveryend 2016/05/16 v1.9 Hooks at the very end of document (HO)
Package atveryend Info: \enddocument detected (standard20110627).
Package: atbegshi 2016/06/09 v1.18 At begin shipout hook (HO)
Package: refcount 2016/05/16 v3.5 Data extraction from label references (HO)
Package: hycolor 2016/05/16 v1.8 Color options for hyperref/bookmark (HO)
)
(/usr/share/texmf-dist/tex/generic/ifxetex/ifxetex.sty
Package: ifxetex 2010/09/12 v0.6 Provides ifxetex conditional
)
(/usr/share/texmf-dist/tex/latex/oberdiek/auxhook.sty
Package: auxhook 2016/05/16 v1.4 Hooks for auxiliary files (HO)
)
(/usr/share/texmf-dist/tex/latex/oberdiek/kvoptions.sty
Package: kvoptions 2016/05/16 v3.12 Key value format for package options (HO)
)
\@linkdim=\dimen121
\Hy@linkcounter=\count102
\Hy@pagecounter=\count103

(/usr/share/texmf-dist/tex/latex/hyperref/pd1enc.def
File: pd1enc.def 2018/11/30 v6.88e Hyperref: PDFDocEncoding definition (HO)
Now handling font encoding PD1 ...
... no UTF-8 mapping file for font encoding PD1
)
\Hy@SavedSpaceFactor=\count104

(/usr/share/texmf-dist/tex/latex/latexconfig/hyperref.cfg
File: hyperref.cfg 2002/06/06 v1.2 hyperref configuration of TeXLive
)
Package hyperref Info: Hyper figures OFF on input line 4519.
Package hyperref Info: Link nesting OFF on input line 4524.
Package hyperref Info: Hyper index ON on input line 4527.
Package hyperref Info: Plain pages OFF on input line 4534.
Package hyperref Info: Backreferencing OFF on input line 4539.
Package hyperref Info: Implicit mode ON; LaTeX internals redefined.
Package hyperref Info: Bookmarks ON on input line 4772.
\c@Hy@tempcnt=\count105
LaTeX Info: Redefining \url on input line 5125.
\XeTeXLinkMargin=\dimen122
\Fld@menulength=\count106
\Field@Width=\dimen123
\Fld@charsize=\dimen124
Package hyperref Info: Hyper figures OFF on input line 6380.
Package hyperref Info: Link nesting OFF on input line 6385.
Package hyperref Info: Hyper index ON on input line 6388.
Package hyperref Info: backreferencing OFF on input line 6395.
Package hyperref Info: Link coloring OFF on input line 6400.
Package hyperref Info: Link coloring with OCG OFF on input line 6405.
Package hyperref Info: PDF/A mode OFF on input line 6410.
LaTeX Info: Redefining \ref on input line 6450.
LaTeX Info: Redefining \pageref on input line 6454.
\Hy@abspage=\count107
\c@Item=\count108
\c@Hfootnote=\count109
)
Package hyperref Info: Driver (autodetected): hpdftex.

(/usr/share/texmf-dist/tex/latex/hyperref/hpdftex.def
File: hpdftex.def 2018/11/30 v6.88e Hyperref driver for pdfTeX
\Fld@listcount=\count110
\c@bookmark@seq@number=\count111

(/usr/share/texmf-dist/tex/latex/oberdiek/rerunfilecheck.sty
Package: rerunfilecheck 2016/05/16 v1.8 Rerun checks for auxiliary files (HO)
Package uniquecounter Info: New unique counter `rerunfilecheck' on input line 2
82.
)
\Hy@SectionHShift=\skip47
)
(/usr/share/texmf-dist/tex/latex/oberdiek/hypcap.sty
Package: hypcap 2016/05/16 v1.12 Adjusting the anchors of captions (HO)
)
(/usr/share/texmf-dist/tex/latex/cite/cite.sty
LaTeX Info: Redefining \cite on input line 302.
LaTeX Info: Redefining \nocite on input line 332.
Package: cite 2015/02/27  v 5.5
)
(./HART_Geonomics_methods_paper_DRAFT.aux)
\openout1 = `HART_Geonomics_methods_paper_DRAFT.aux'.

LaTeX Font Info:    Checking defaults for OML/cmm/m/it on input line 50.
LaTeX Font Info:    ... okay on input line 50.
LaTeX Font Info:    Checking defaults for T1/cmr/m/n on input line 50.
LaTeX Font Info:    ... okay on input line 50.
LaTeX Font Info:    Checking defaults for OT1/cmr/m/n on input line 50.
LaTeX Font Info:    ... okay on input line 50.
LaTeX Font Info:    Checking defaults for OMS/cmsy/m/n on input line 50.
LaTeX Font Info:    ... okay on input line 50.
LaTeX Font Info:    Checking defaults for OMX/cmex/m/n on input line 50.
LaTeX Font Info:    ... okay on input line 50.
LaTeX Font Info:    Checking defaults for U/cmr/m/n on input line 50.
LaTeX Font Info:    ... okay on input line 50.
LaTeX Font Info:    Checking defaults for PD1/pdf/m/n on input line 50.
LaTeX Font Info:    ... okay on input line 50.

(/usr/share/texmf-dist/tex/context/base/mkii/supp-pdf.mkii
[Loading MPS to PDF converter (version 2006.09.02).]
\scratchcounter=\count112
\scratchdimen=\dimen125
\scratchbox=\box29
\nofMPsegments=\count113
\nofMParguments=\count114
\everyMPshowfont=\toks20
\MPscratchCnt=\count115
\MPscratchDim=\dimen126
\MPnumerator=\count116
\makeMPintoPDFobject=\count117
\everyMPtoPDFconversion=\toks21
) (/usr/share/texmf-dist/tex/latex/oberdiek/epstopdf-base.sty
Package: epstopdf-base 2016/05/15 v2.6 Base part for package epstopdf

(/usr/share/texmf-dist/tex/latex/oberdiek/grfext.sty
Package: grfext 2016/05/16 v1.2 Manage graphics extensions (HO)
)
Package epstopdf-base Info: Redefining graphics rule for `.eps' on input line 4
38.
Package grfext Info: Graphics extension search list:
(grfext)             [.pdf,.png,.jpg,.mps,.jpeg,.jbig2,.jb2,.PDF,.PNG,.JPG,.JPE
G,.JBIG2,.JB2,.eps]
(grfext)             \AppendGraphicsExtensions on input line 456.

(/usr/share/texmf-dist/tex/latex/latexconfig/epstopdf-sys.cfg
File: epstopdf-sys.cfg 2010/07/13 v1.3 Configuration of (r)epstopdf for TeX Liv
e
))
Package caption Info: Begin \AtBeginDocument code.
Package caption Info: hyperref package is loaded.
Package caption Info: hypcap package is loaded.
Package caption Info: End \AtBeginDocument code.
\AtBeginShipoutBox=\box30
Package hyperref Info: Link coloring OFF on input line 50.

(/usr/share/texmf-dist/tex/latex/hyperref/nameref.sty
Package: nameref 2016/05/21 v2.44 Cross-referencing by name of section

(/usr/share/texmf-dist/tex/generic/oberdiek/gettitlestring.sty
Package: gettitlestring 2016/05/16 v1.5 Cleanup title references (HO)
)
\c@section@level=\count118
)
LaTeX Info: Redefining \ref on input line 50.
LaTeX Info: Redefining \pageref on input line 50.
LaTeX Info: Redefining \nameref on input line 50.

(./HART_Geonomics_methods_paper_DRAFT.out)
(./HART_Geonomics_methods_paper_DRAFT.out)
\@outlinefile=\write3
\openout3 = `HART_Geonomics_methods_paper_DRAFT.out'.

 [1

{/var/lib/texmf/fonts/map/pdftex/updmap/pdftex.map}] [2] [3] [4]
Overfull \hbox (2.02365pt too wide) in paragraph at lines 316--324
[]\OT1/cmr/m/n/10 All re-sults are as ex-pected, demon-strat-ing a ro-bust abil
-ity to re-pro-duce population-genetic and population-
 []

[5] [6] [7] [8] [9]
LaTeX Font Info:    Try loading font information for OMS+cmtt on input line 708
.
 (/usr/share/texmf/tex/latex/omscmtt.fd
File: omscmtt.fd 
)
LaTeX Font Info:    Font shape `OMS/cmtt/m/n' in size <10> not available
(Font)              Font shape `OMS/cmsy/m/n' tried instead on input line 708.

Underfull \hbox (badness 10000) in paragraph at lines 707--713

 []


Overfull \hbox (11.83038pt too wide) in paragraph at lines 715--729
[]\OT1/cmr/m/n/10 After run-ning this com-mand, we opened the re-sult-ing, auto
-generated pa-ram-e-ters file (\OT1/cmtt/m/n/10 yosemite[]params.py\OT1/cmr/m/n
/10 )
 []

[10] [11] (./HART_Geonomics_methods_paper_DRAFT.bbl [12] [13]) [14]
<./img/flow_diagram.png, id=296, 614.295pt x 794.97pt>
File: ./img/flow_diagram.png Graphic file (type png)
<use ./img/flow_diagram.png>
Package pdftex.def Info: ./img/flow_diagram.png  used on input line 860.
(pdftex.def)             Requested size: 355.65944pt x 460.2702pt.
<./img/move_surf_histograms.png, id=298, 1387.584pt x 715.473pt>
File: ./img/move_surf_histograms.png Graphic file (type png)
<use ./img/move_surf_histograms.png>
Package pdftex.def Info: ./img/move_surf_histograms.png  used on input line 868
.
(pdftex.def)             Requested size: 640.187pt x 330.09322pt.

Overfull \hbox (170.43198pt too wide) in paragraph at lines 868--869
[][] 
 []


LaTeX Warning: `!h' float specifier changed to `!ht'.

<./img/move_surf_tracks.png, id=299, 1387.584pt x 715.473pt>
File: ./img/move_surf_tracks.png Graphic file (type png)
<use ./img/move_surf_tracks.png>
Package pdftex.def Info: ./img/move_surf_tracks.png  used on input line 875.
(pdftex.def)             Requested size: 640.187pt x 330.09322pt.

Overfull \hbox (170.43198pt too wide) in paragraph at lines 875--876
[][] 
 []


LaTeX Warning: `!h' float specifier changed to `!ht'.

<./img/validation/wf/allele_trajectories.png, id=300, 1387.584pt x 715.473pt>
File: ./img/validation/wf/allele_trajectories.png Graphic file (type png)
<use ./img/validation/wf/allele_trajectories.png>
Package pdftex.def Info: ./img/validation/wf/allele_trajectories.png  used on i
nput line 884.
(pdftex.def)             Requested size: 497.92322pt x 256.74037pt.

Overfull \hbox (28.1682pt too wide) in paragraph at lines 884--885
[][] 
 []


LaTeX Warning: `!h' float specifier changed to `!ht'.

<./img/validation/wf/pop_size_vs_K_factor_and_mean_persist_t_vs_pop_size.png, i
d=301, 1387.584pt x 715.473pt>
File: ./img/validation/wf/pop_size_vs_K_factor_and_mean_persist_t_vs_pop_size.p
ng Graphic file (type png)
<use ./img/validation/wf/pop_size_vs_K_factor_and_mean_persist_t_vs_pop_size.pn
g>
Package pdftex.def Info: ./img/validation/wf/pop_size_vs_K_factor_and_mean_pers
ist_t_vs_pop_size.png  used on input line 892.
(pdftex.def)             Requested size: 497.92322pt x 256.74037pt.

Overfull \hbox (28.1682pt too wide) in paragraph at lines 892--893
[][] 
 []


LaTeX Warning: `!h' float specifier changed to `!ht'.

<./img/validation/bottleneck/alleles_seem_to_take_too_long_to_fix.png, id=302, 
1387.584pt x 715.473pt>
File: ./img/validation/bottleneck/alleles_seem_to_take_too_long_to_fix.png Grap
hic file (type png)
<use ./img/validation/bottleneck/alleles_seem_to_take_too_long_to_fix.png>
Package pdftex.def Info: ./img/validation/bottleneck/alleles_seem_to_take_too_l
ong_to_fix.png  used on input line 900.
(pdftex.def)             Requested size: 497.92322pt x 256.74037pt.

Overfull \hbox (28.1682pt too wide) in paragraph at lines 900--901
[][] 
 []


LaTeX Warning: `!h' float specifier changed to `!ht'.

<./img/validation/stepping_stone/Fst_over_time_vs_interisland_dist.png, id=303,
 1387.584pt x 715.473pt>
File: ./img/validation/stepping_stone/Fst_over_time_vs_interisland_dist.png Gra
phic file (type png)
<use ./img/validation/stepping_stone/Fst_over_time_vs_interisland_dist.png>
Package pdftex.def Info: ./img/validation/stepping_stone/Fst_over_time_vs_inter
island_dist.png  used on input line 908.
(pdftex.def)             Requested size: 497.92322pt x 256.74037pt.

Overfull \hbox (28.1682pt too wide) in paragraph at lines 908--909
[][] 
 []


LaTeX Warning: `!h' float specifier changed to `!ht'.

<./img/validation/stepping_stone/pop_size_over_time.png, id=304, 1387.584pt x 7
15.473pt>
File: ./img/validation/stepping_stone/pop_size_over_time.png Graphic file (type
 png)
<use ./img/validation/stepping_stone/pop_size_over_time.png>
Package pdftex.def Info: ./img/validation/stepping_stone/pop_size_over_time.png
  used on input line 916.
(pdftex.def)             Requested size: 497.92322pt x 256.74037pt.

Overfull \hbox (28.1682pt too wide) in paragraph at lines 916--917
[][] 
 []


LaTeX Warning: `!h' float specifier changed to `!ht'.

<./img/validation/stepping_stone/pop_plot_and_Fst_and_mig_rate_plot.png, id=305
, 1387.584pt x 715.473pt>
File: ./img/validation/stepping_stone/pop_plot_and_Fst_and_mig_rate_plot.png Gr
aphic file (type png)
<use ./img/validation/stepping_stone/pop_plot_and_Fst_and_mig_rate_plot.png>
Package pdftex.def Info: ./img/validation/stepping_stone/pop_plot_and_Fst_and_m
ig_rate_plot.png  used on input line 924.
(pdftex.def)             Requested size: 497.92322pt x 256.74037pt.

Overfull \hbox (28.1682pt too wide) in paragraph at lines 924--925
[][] 
 []


LaTeX Warning: `!h' float specifier changed to `!ht'.

<./img/validation/divergence/divergence_test_ca1400_individuals_1000_timesteps.
png, id=306, 1387.584pt x 715.473pt>
File: ./img/validation/divergence/divergence_test_ca1400_individuals_1000_times
teps.png Graphic file (type png)
<use ./img/validation/divergence/divergence_test_ca1400_individuals_1000_timest
eps.png>
Package pdftex.def Info: ./img/validation/divergence/divergence_test_ca1400_ind
ividuals_1000_timesteps.png  used on input line 932.
(pdftex.def)             Requested size: 497.92322pt x 256.74037pt.

Overfull \hbox (28.1682pt too wide) in paragraph at lines 932--933
[][] 
 []


LaTeX Warning: `!h' float specifier changed to `!ht'.

<./img/validation/cline/cline_adaptation_phi_0pt01_2500_timesteps.png, id=307, 
1387.584pt x 715.473pt>
File: ./img/validation/cline/cline_adaptation_phi_0pt01_2500_timesteps.png Grap
hic file (type png)
<use ./img/validation/cline/cline_adaptation_phi_0pt01_2500_timesteps.png>
Package pdftex.def Info: ./img/validation/cline/cline_adaptation_phi_0pt01_2500
_timesteps.png  used on input line 940.
(pdftex.def)             Requested size: 497.92322pt x 256.74037pt.

Overfull \hbox (28.1682pt too wide) in paragraph at lines 940--941
[][] 
 []


LaTeX Warning: `!h' float specifier changed to `!ht'.

<./img/validation/sweep/sweep_results.png, id=308, 1387.584pt x 715.473pt>
File: ./img/validation/sweep/sweep_results.png Graphic file (type png)
<use ./img/validation/sweep/sweep_results.png>
Package pdftex.def Info: ./img/validation/sweep/sweep_results.png  used on inpu
t line 948.
(pdftex.def)             Requested size: 497.92322pt x 256.74037pt.

Overfull \hbox (28.1682pt too wide) in paragraph at lines 948--949
[][] 
 []


LaTeX Warning: `!h' float specifier changed to `!ht'.

<./img/validation/PCA/PCA_plot.png, id=309, 1387.584pt x 715.473pt>
File: ./img/validation/PCA/PCA_plot.png Graphic file (type png)
<use ./img/validation/PCA/PCA_plot.png>
Package pdftex.def Info: ./img/validation/PCA/PCA_plot.png  used on input line 
956.
(pdftex.def)             Requested size: 497.92322pt x 256.74037pt.

Overfull \hbox (28.1682pt too wide) in paragraph at lines 956--957
[][] 
 []


LaTeX Warning: `!h' float specifier changed to `!ht'.

<./img/validation/two-trait/two-trait_plot.png, id=310, 1387.584pt x 715.473pt>

File: ./img/validation/two-trait/two-trait_plot.png Graphic file (type png)
<use ./img/validation/two-trait/two-trait_plot.png>
Package pdftex.def Info: ./img/validation/two-trait/two-trait_plot.png  used on
 input line 964.
(pdftex.def)             Requested size: 497.92322pt x 256.74037pt.

Overfull \hbox (28.1682pt too wide) in paragraph at lines 964--965
[][] 
 []


LaTeX Warning: `!h' float specifier changed to `!ht'.

<./img/validation/two-trait/two-trait_plot_LINKED.png, id=311, 1387.584pt x 715
.473pt>
File: ./img/validation/two-trait/two-trait_plot_LINKED.png Graphic file (type p
ng)
<use ./img/validation/two-trait/two-trait_plot_LINKED.png>
Package pdftex.def Info: ./img/validation/two-trait/two-trait_plot_LINKED.png  
used on input line 972.
(pdftex.def)             Requested size: 497.92322pt x 256.74037pt.

Overfull \hbox (28.1682pt too wide) in paragraph at lines 972--973
[][] 
 []


LaTeX Warning: `!h' float specifier changed to `!ht'.

<./img/example/yosemite_results.png, id=312, 1387.584pt x 715.473pt>
File: ./img/example/yosemite_results.png Graphic file (type png)
<use ./img/example/yosemite_results.png>
Package pdftex.def Info: ./img/example/yosemite_results.png  used on input line
 980.
(pdftex.def)             Requested size: 497.92322pt x 256.74037pt.

Overfull \hbox (28.1682pt too wide) in paragraph at lines 980--981
[][] 
 []


LaTeX Warning: `!h' float specifier changed to `!ht'.

Package atveryend Info: Empty hook `BeforeClearDocument' on input line 986.
[15 <./img/flow_diagram.png>] [16 <./img/move_surf_histograms.png>] [17 <./img/
move_surf_tracks.png>] [18 <./img/validation/wf/allele_trajectories.png> <./img
/validation/wf/pop_size_vs_K_factor_and_mean_persist_t_vs_pop_size.png>]
[19 <./img/validation/bottleneck/alleles_seem_to_take_too_long_to_fix.png> <./i
mg/validation/stepping_stone/Fst_over_time_vs_interisland_dist.png>] [20 <./img
/validation/stepping_stone/pop_size_over_time.png> <./img/validation/stepping_s
tone/pop_plot_and_Fst_and_mig_rate_plot.png>] [21 <./img/validation/divergence/
divergence_test_ca1400_individuals_1000_timesteps.png> <./img/validation/cline/
cline_adaptation_phi_0pt01_2500_timesteps.png>] [22 <./img/validation/sweep/swe
ep_results.png> <./img/validation/PCA/PCA_plot.png>] [23 <./img/validation/two-
trait/two-trait_plot.png> <./img/validation/two-trait/two-trait_plot_linked.png
>] [24 <./img/example/yosemite_results.png>]
Package atveryend Info: Empty hook `AfterLastShipout' on input line 986.

(./HART_Geonomics_methods_paper_DRAFT.aux)
Package atveryend Info: Executing hook `AtVeryEndDocument' on input line 986.
Package atveryend Info: Executing hook `AtEndAfterFileList' on input line 986.
Package rerunfilecheck Info: File `HART_Geonomics_methods_paper_DRAFT.out' has 
not changed.
(rerunfilecheck)             Checksum: 8A45A84EF5C14052CDA350F77992F223;1746.
Package atveryend Info: Empty hook `AtVeryVeryEnd' on input line 986.
 ) 
Here is how much of TeX's memory you used:
 7094 strings out of 492616
 108807 string characters out of 6135177
 208316 words of memory out of 5000000
 10815 multiletter control sequences out of 15000+600000
 9846 words of font info for 36 fonts, out of 8000000 for 9000
 1141 hyphenation exceptions out of 8191
 36i,17n,39p,725b,436s stack positions out of 5000i,500n,10000p,200000b,80000s
</usr/share/texmf-dist/fonts/type1/public/amsfonts/cm/cmbx10.pfb></usr/share/
texmf-dist/fonts/type1/public/amsfonts/cm/cmbx12.pfb></usr/share/texmf-dist/fon
ts/type1/public/amsfonts/cm/cmbx8.pfb></usr/share/texmf-dist/fonts/type1/public
/amsfonts/cm/cmex10.pfb></usr/share/texmf-dist/fonts/type1/public/amsfonts/cm/c
mmi10.pfb></usr/share/texmf-dist/fonts/type1/public/amsfonts/cm/cmmi5.pfb></usr
/share/texmf-dist/fonts/type1/public/amsfonts/cm/cmmi6.pfb></usr/share/texmf-di
st/fonts/type1/public/amsfonts/cm/cmmi7.pfb></usr/share/texmf-dist/fonts/type1/
public/amsfonts/cm/cmmi8.pfb></usr/share/texmf-dist/fonts/type1/public/amsfonts
/cm/cmr10.pfb></usr/share/texmf-dist/fonts/type1/public/amsfonts/cm/cmr12.pfb><
/usr/share/texmf-dist/fonts/type1/public/amsfonts/cm/cmr17.pfb></usr/share/texm
f-dist/fonts/type1/public/amsfonts/cm/cmr6.pfb></usr/share/texmf-dist/fonts/typ
e1/public/amsfonts/cm/cmr7.pfb></usr/share/texmf-dist/fonts/type1/public/amsfon
ts/cm/cmr8.pfb></usr/share/texmf-dist/fonts/type1/public/amsfonts/cm/cmsy10.pfb
></usr/share/texmf-dist/fonts/type1/public/amsfonts/cm/cmsy7.pfb></usr/share/te
xmf-dist/fonts/type1/public/amsfonts/cm/cmsy8.pfb></usr/share/texmf-dist/fonts/
type1/public/amsfonts/cm/cmti10.pfb></usr/share/texmf-dist/fonts/type1/public/a
msfonts/cm/cmtt10.pfb>
Output written on HART_Geonomics_methods_paper_DRAFT.pdf (24 pages, 7357659 byt
es).
PDF statistics:
 466 PDF objects out of 1000 (max. 8388607)
 384 compressed objects within 4 object streams
 112 named destinations out of 1000 (max. 500000)
 273 words of extra memory for PDF output out of 10000 (max. 10000000)

