This is pdfTeX, Version 3.14159265-2.6-1.40.19 (TeX Live 2018/Arch Linux) (preloaded format=pdflatex 2019.4.4)  20 APR 2019 23:38
entering extended mode
 restricted \write18 enabled.
 %&-line parsing enabled.
**./HART_Geonomics_methods_paper_DRAFT.tex
(./HART_Geonomics_methods_paper_DRAFT.tex
LaTeX2e <2018-12-01>
(/usr/share/texmf-dist/tex/latex/base/article.cls
Document Class: article 2018/09/03 v1.4i Standard LaTeX document class
(/usr/share/texmf-dist/tex/latex/base/size10.clo
File: size10.clo 2018/09/03 v1.4i Standard LaTeX file (size option)
)
\c@part=\count80
\c@section=\count81
\c@subsection=\count82
\c@subsubsection=\count83
\c@paragraph=\count84
\c@subparagraph=\count85
\c@figure=\count86
\c@table=\count87
\abovecaptionskip=\skip41
\belowcaptionskip=\skip42
\bibindent=\dimen102
)
(/usr/share/texmf-dist/tex/latex/graphics/graphicx.sty
Package: graphicx 2017/06/01 v1.1a Enhanced LaTeX Graphics (DPC,SPQR)

(/usr/share/texmf-dist/tex/latex/graphics/keyval.sty
Package: keyval 2014/10/28 v1.15 key=value parser (DPC)
\KV@toks@=\toks14
)
(/usr/share/texmf-dist/tex/latex/graphics/graphics.sty
Package: graphics 2017/06/25 v1.2c Standard LaTeX Graphics (DPC,SPQR)

(/usr/share/texmf-dist/tex/latex/graphics/trig.sty
Package: trig 2016/01/03 v1.10 sin cos tan (DPC)
)
(/usr/share/texmf-dist/tex/latex/graphics-cfg/graphics.cfg
File: graphics.cfg 2016/06/04 v1.11 sample graphics configuration
)
Package graphics Info: Driver file: pdftex.def on input line 99.

(/usr/share/texmf-dist/tex/latex/graphics-def/pdftex.def
File: pdftex.def 2018/01/08 v1.0l Graphics/color driver for pdftex
))
\Gin@req@height=\dimen103
\Gin@req@width=\dimen104
)
(/usr/share/texmf-dist/tex/latex/url/url.sty
\Urlmuskip=\muskip10
Package: url 2013/09/16  ver 3.4  Verb mode for urls, etc.
)
(/usr/share/texmf-dist/tex/latex/preprint/fullpage.sty
Package: fullpage 1999/02/23 1.1 (PWD)
\FP@margin=\skip43
)
(/usr/share/texmf-dist/tex/latex/amsmath/amsmath.sty
Package: amsmath 2018/12/01 v2.17b AMS math features
\@mathmargin=\skip44

For additional information on amsmath, use the `?' option.
(/usr/share/texmf-dist/tex/latex/amsmath/amstext.sty
Package: amstext 2000/06/29 v2.01 AMS text

(/usr/share/texmf-dist/tex/latex/amsmath/amsgen.sty
File: amsgen.sty 1999/11/30 v2.0 generic functions
\@emptytoks=\toks15
\ex@=\dimen105
))
(/usr/share/texmf-dist/tex/latex/amsmath/amsbsy.sty
Package: amsbsy 1999/11/29 v1.2d Bold Symbols
\pmbraise@=\dimen106
)
(/usr/share/texmf-dist/tex/latex/amsmath/amsopn.sty
Package: amsopn 2016/03/08 v2.02 operator names
)
\inf@bad=\count88
LaTeX Info: Redefining \frac on input line 223.
\uproot@=\count89
\leftroot@=\count90
LaTeX Info: Redefining \overline on input line 385.
\classnum@=\count91
\DOTSCASE@=\count92
LaTeX Info: Redefining \ldots on input line 482.
LaTeX Info: Redefining \dots on input line 485.
LaTeX Info: Redefining \cdots on input line 606.
\Mathstrutbox@=\box27
\strutbox@=\box28
\big@size=\dimen107
LaTeX Font Info:    Redeclaring font encoding OML on input line 729.
LaTeX Font Info:    Redeclaring font encoding OMS on input line 730.
\macc@depth=\count93
\c@MaxMatrixCols=\count94
\dotsspace@=\muskip11
\c@parentequation=\count95
\dspbrk@lvl=\count96
\tag@help=\toks16
\row@=\count97
\column@=\count98
\maxfields@=\count99
\andhelp@=\toks17
\eqnshift@=\dimen108
\alignsep@=\dimen109
\tagshift@=\dimen110
\tagwidth@=\dimen111
\totwidth@=\dimen112
\lineht@=\dimen113
\@envbody=\toks18
\multlinegap=\skip45
\multlinetaggap=\skip46
\mathdisplay@stack=\toks19
LaTeX Info: Redefining \[ on input line 2844.
LaTeX Info: Redefining \] on input line 2845.
)
(/usr/share/texmf-dist/tex/latex/caption/caption.sty
Package: caption 2018/10/06 v3.3-154 Customizing captions (AR)

(/usr/share/texmf-dist/tex/latex/caption/caption3.sty
Package: caption3 2018/09/12 v1.8c caption3 kernel (AR)
Package caption3 Info: TeX engine: e-TeX on input line 64.
\captionmargin=\dimen114
\captionmargin@=\dimen115
\captionwidth=\dimen116
\caption@tempdima=\dimen117
\caption@indent=\dimen118
\caption@parindent=\dimen119
\caption@hangindent=\dimen120
)
\c@caption@flags=\count100
\c@ContinuedFloat=\count101
)
(/usr/share/texmf-dist/tex/latex/hyperref/hyperref.sty
Package: hyperref 2018/11/30 v6.88e Hypertext links for LaTeX

(/usr/share/texmf-dist/tex/generic/oberdiek/hobsub-hyperref.sty
Package: hobsub-hyperref 2016/05/16 v1.14 Bundle oberdiek, subset hyperref (HO)


(/usr/share/texmf-dist/tex/generic/oberdiek/hobsub-generic.sty
Package: hobsub-generic 2016/05/16 v1.14 Bundle oberdiek, subset generic (HO)
Package: hobsub 2016/05/16 v1.14 Construct package bundles (HO)
Package: infwarerr 2016/05/16 v1.4 Providing info/warning/error messages (HO)
Package: ltxcmds 2016/05/16 v1.23 LaTeX kernel commands for general use (HO)
Package: ifluatex 2016/05/16 v1.4 Provides the ifluatex switch (HO)
Package ifluatex Info: LuaTeX not detected.
Package: ifvtex 2016/05/16 v1.6 Detect VTeX and its facilities (HO)
Package ifvtex Info: VTeX not detected.
Package: intcalc 2016/05/16 v1.2 Expandable calculations with integers (HO)
Package: ifpdf 2018/09/07 v3.3 Provides the ifpdf switch
Package: etexcmds 2016/05/16 v1.6 Avoid name clashes with e-TeX commands (HO)
Package etexcmds Info: Could not find \expanded.
(etexcmds)             That can mean that you are not using pdfTeX 1.50 or
(etexcmds)             that some package has redefined \expanded.
(etexcmds)             In the latter case, load this package earlier.
Package: kvsetkeys 2016/05/16 v1.17 Key value parser (HO)
Package: kvdefinekeys 2016/05/16 v1.4 Define keys (HO)
Package: pdftexcmds 2018/09/10 v0.29 Utility functions of pdfTeX for LuaTeX (HO
)
Package pdftexcmds Info: LuaTeX not detected.
Package pdftexcmds Info: \pdf@primitive is available.
Package pdftexcmds Info: \pdf@ifprimitive is available.
Package pdftexcmds Info: \pdfdraftmode found.
Package: pdfescape 2016/05/16 v1.14 Implements pdfTeX's escape features (HO)
Package: bigintcalc 2016/05/16 v1.4 Expandable calculations on big integers (HO
)
Package: bitset 2016/05/16 v1.2 Handle bit-vector datatype (HO)
Package: uniquecounter 2016/05/16 v1.3 Provide unlimited unique counter (HO)
)
Package hobsub Info: Skipping package `hobsub' (already loaded).
Package: letltxmacro 2016/05/16 v1.5 Let assignment for LaTeX macros (HO)
Package: hopatch 2016/05/16 v1.3 Wrapper for package hooks (HO)
Package: xcolor-patch 2016/05/16 xcolor patch
Package: atveryend 2016/05/16 v1.9 Hooks at the very end of document (HO)
Package atveryend Info: \enddocument detected (standard20110627).
Package: atbegshi 2016/06/09 v1.18 At begin shipout hook (HO)
Package: refcount 2016/05/16 v3.5 Data extraction from label references (HO)
Package: hycolor 2016/05/16 v1.8 Color options for hyperref/bookmark (HO)
)
(/usr/share/texmf-dist/tex/generic/ifxetex/ifxetex.sty
Package: ifxetex 2010/09/12 v0.6 Provides ifxetex conditional
)
(/usr/share/texmf-dist/tex/latex/oberdiek/auxhook.sty
Package: auxhook 2016/05/16 v1.4 Hooks for auxiliary files (HO)
)
(/usr/share/texmf-dist/tex/latex/oberdiek/kvoptions.sty
Package: kvoptions 2016/05/16 v3.12 Key value format for package options (HO)
)
\@linkdim=\dimen121
\Hy@linkcounter=\count102
\Hy@pagecounter=\count103

(/usr/share/texmf-dist/tex/latex/hyperref/pd1enc.def
File: pd1enc.def 2018/11/30 v6.88e Hyperref: PDFDocEncoding definition (HO)
Now handling font encoding PD1 ...
... no UTF-8 mapping file for font encoding PD1
)
\Hy@SavedSpaceFactor=\count104

(/usr/share/texmf-dist/tex/latex/latexconfig/hyperref.cfg
File: hyperref.cfg 2002/06/06 v1.2 hyperref configuration of TeXLive
)
Package hyperref Info: Hyper figures OFF on input line 4519.
Package hyperref Info: Link nesting OFF on input line 4524.
Package hyperref Info: Hyper index ON on input line 4527.
Package hyperref Info: Plain pages OFF on input line 4534.
Package hyperref Info: Backreferencing OFF on input line 4539.
Package hyperref Info: Implicit mode ON; LaTeX internals redefined.
Package hyperref Info: Bookmarks ON on input line 4772.
\c@Hy@tempcnt=\count105
LaTeX Info: Redefining \url on input line 5125.
\XeTeXLinkMargin=\dimen122
\Fld@menulength=\count106
\Field@Width=\dimen123
\Fld@charsize=\dimen124
Package hyperref Info: Hyper figures OFF on input line 6380.
Package hyperref Info: Link nesting OFF on input line 6385.
Package hyperref Info: Hyper index ON on input line 6388.
Package hyperref Info: backreferencing OFF on input line 6395.
Package hyperref Info: Link coloring OFF on input line 6400.
Package hyperref Info: Link coloring with OCG OFF on input line 6405.
Package hyperref Info: PDF/A mode OFF on input line 6410.
LaTeX Info: Redefining \ref on input line 6450.
LaTeX Info: Redefining \pageref on input line 6454.
\Hy@abspage=\count107
\c@Item=\count108
\c@Hfootnote=\count109
)
Package hyperref Info: Driver (autodetected): hpdftex.

(/usr/share/texmf-dist/tex/latex/hyperref/hpdftex.def
File: hpdftex.def 2018/11/30 v6.88e Hyperref driver for pdfTeX
\Fld@listcount=\count110
\c@bookmark@seq@number=\count111

(/usr/share/texmf-dist/tex/latex/oberdiek/rerunfilecheck.sty
Package: rerunfilecheck 2016/05/16 v1.8 Rerun checks for auxiliary files (HO)
Package uniquecounter Info: New unique counter `rerunfilecheck' on input line 2
82.
)
\Hy@SectionHShift=\skip47
)
(/usr/share/texmf-dist/tex/latex/oberdiek/hypcap.sty
Package: hypcap 2016/05/16 v1.12 Adjusting the anchors of captions (HO)
)
(/usr/share/texmf-dist/tex/latex/cite/cite.sty
LaTeX Info: Redefining \cite on input line 302.
LaTeX Info: Redefining \nocite on input line 332.
Package: cite 2015/02/27  v 5.5
)
(/usr/share/texmf-dist/tex/latex/float/float.sty
Package: float 2001/11/08 v1.3d Float enhancements (AL)
\c@float@type=\count112
\float@exts=\toks20
\float@box=\box29
\@float@everytoks=\toks21
\@floatcapt=\box30
)
(./HART_Geonomics_methods_paper_DRAFT.aux)
\openout1 = `HART_Geonomics_methods_paper_DRAFT.aux'.

LaTeX Font Info:    Checking defaults for OML/cmm/m/it on input line 62.
LaTeX Font Info:    ... okay on input line 62.
LaTeX Font Info:    Checking defaults for T1/cmr/m/n on input line 62.
LaTeX Font Info:    ... okay on input line 62.
LaTeX Font Info:    Checking defaults for OT1/cmr/m/n on input line 62.
LaTeX Font Info:    ... okay on input line 62.
LaTeX Font Info:    Checking defaults for OMS/cmsy/m/n on input line 62.
LaTeX Font Info:    ... okay on input line 62.
LaTeX Font Info:    Checking defaults for OMX/cmex/m/n on input line 62.
LaTeX Font Info:    ... okay on input line 62.
LaTeX Font Info:    Checking defaults for U/cmr/m/n on input line 62.
LaTeX Font Info:    ... okay on input line 62.
LaTeX Font Info:    Checking defaults for PD1/pdf/m/n on input line 62.
LaTeX Font Info:    ... okay on input line 62.

(/usr/share/texmf-dist/tex/context/base/mkii/supp-pdf.mkii
[Loading MPS to PDF converter (version 2006.09.02).]
\scratchcounter=\count113
\scratchdimen=\dimen125
\scratchbox=\box31
\nofMPsegments=\count114
\nofMParguments=\count115
\everyMPshowfont=\toks22
\MPscratchCnt=\count116
\MPscratchDim=\dimen126
\MPnumerator=\count117
\makeMPintoPDFobject=\count118
\everyMPtoPDFconversion=\toks23
) (/usr/share/texmf-dist/tex/latex/oberdiek/epstopdf-base.sty
Package: epstopdf-base 2016/05/15 v2.6 Base part for package epstopdf

(/usr/share/texmf-dist/tex/latex/oberdiek/grfext.sty
Package: grfext 2016/05/16 v1.2 Manage graphics extensions (HO)
)
Package epstopdf-base Info: Redefining graphics rule for `.eps' on input line 4
38.
Package grfext Info: Graphics extension search list:
(grfext)             [.pdf,.png,.jpg,.mps,.jpeg,.jbig2,.jb2,.PDF,.PNG,.JPG,.JPE
G,.JBIG2,.JB2,.eps]
(grfext)             \AppendGraphicsExtensions on input line 456.

(/usr/share/texmf-dist/tex/latex/latexconfig/epstopdf-sys.cfg
File: epstopdf-sys.cfg 2010/07/13 v1.3 Configuration of (r)epstopdf for TeX Liv
e
))
Package caption Info: Begin \AtBeginDocument code.
Package caption Info: float package is loaded.
Package caption Info: hyperref package is loaded.
Package caption Info: hypcap package is loaded.
Package caption Info: End \AtBeginDocument code.
\AtBeginShipoutBox=\box32
Package hyperref Info: Link coloring OFF on input line 62.

(/usr/share/texmf-dist/tex/latex/hyperref/nameref.sty
Package: nameref 2016/05/21 v2.44 Cross-referencing by name of section

(/usr/share/texmf-dist/tex/generic/oberdiek/gettitlestring.sty
Package: gettitlestring 2016/05/16 v1.5 Cleanup title references (HO)
)
\c@section@level=\count119
)
LaTeX Info: Redefining \ref on input line 62.
LaTeX Info: Redefining \pageref on input line 62.
LaTeX Info: Redefining \nameref on input line 62.

(./HART_Geonomics_methods_paper_DRAFT.out)
(./HART_Geonomics_methods_paper_DRAFT.out)
\@outlinefile=\write3
\openout3 = `HART_Geonomics_methods_paper_DRAFT.out'.

 [1

{/var/lib/texmf/fonts/map/pdftex/updmap/pdftex.map}] [2] [3] [4] [5] [6]
LaTeX Font Info:    Try loading font information for OMS+cmtt on input line 520
.
 (/usr/share/texmf/tex/latex/omscmtt.fd
File: omscmtt.fd 
)
LaTeX Font Info:    Font shape `OMS/cmtt/m/n' in size <10> not available
(Font)              Font shape `OMS/cmsy/m/n' tried instead on input line 520.

Underfull \hbox (badness 10000) in paragraph at lines 519--525

 []

[7]
LaTeX Font Info:    Try loading font information for OMS+cmr on input line 577.

 (/usr/share/texmf-dist/tex/latex/base/omscmr.fd
File: omscmr.fd 2014/09/29 v2.5h Standard LaTeX font definitions
)
LaTeX Font Info:    Font shape `OMS/cmr/m/n' in size <12> not available
(Font)              Font shape `OMS/cmsy/m/n' tried instead on input line 577.

Overfull \hbox (6.15256pt too wide) in paragraph at lines 569--582
\OT1/cmr/m/n/12 As men-tioned above, Geo-nomics mod-els run con-sid-er-ably slo
wer than mod-els such as SLiM [[]11[],
 []

[8] [9]
Overfull \hbox (25.98668pt too wide) in paragraph at lines 690--706
\OT1/cmr/m/n/12 com-mon, well-established Python pack-ages as re-quired de-pen-
den-cies: \OT1/cmtt/m/n/12 Numpy \OT1/cmr/m/n/12 [[]26[]], \OT1/cmtt/m/n/12 Mat
plotlib \OT1/cmr/m/n/12 [[]14[]],
 []

[10] [11]
<./img/final/draft_diagram_CONCEPTUAL.png, id=289, 487.8225pt x 667.49374pt>
File: ./img/final/draft_diagram_CONCEPTUAL.png Graphic file (type png)
<use ./img/final/draft_diagram_CONCEPTUAL.png>
Package pdftex.def Info: ./img/final/draft_diagram_CONCEPTUAL.png  used on inpu
t line 733.
(pdftex.def)             Requested size: 355.65944pt x 486.65529pt.
 [12]
Overfull \vbox (63.9086pt too high) has occurred while \output is active []


[13 <./img/final/draft_diagram_CONCEPTUAL.png>]
<./img/final/move_surf.pdf, id=302, 668.4975pt x 325.215pt>
File: ./img/final/move_surf.pdf Graphic file (type pdf)
<use ./img/final/move_surf.pdf>
Package pdftex.def Info: ./img/final/move_surf.pdf  used on input line 776.
(pdftex.def)             Requested size: 497.92322pt x 242.23833pt.

Overfull \hbox (28.1682pt too wide) in paragraph at lines 776--798
[][] 
 []

<./img/final/IBD_IBE.pdf, id=303, 487.8225pt x 668.4975pt>
File: ./img/final/IBD_IBE.pdf Graphic file (type pdf)
<use ./img/final/IBD_IBE.pdf>
Package pdftex.def Info: ./img/final/IBD_IBE.pdf  used on input line 804.
(pdftex.def)             Requested size: 355.65944pt x 487.38708pt.
<./img/final/sim_sel.pdf, id=304, 668.4975pt x 325.215pt>
File: ./img/final/sim_sel.pdf Graphic file (type pdf)
<use ./img/final/sim_sel.pdf>
Package pdftex.def Info: ./img/final/sim_sel.pdf  used on input line 835.
(pdftex.def)             Requested size: 497.92322pt x 242.23833pt.

Overfull \hbox (28.1682pt too wide) in paragraph at lines 835--843
 [][] 
 []

[14 <./img/final/move_surf.pdf>] [15 <./img/final/IBD_IBE.pdf>]
<./img/final/YOSEMITE_time_series.pdf, id=396, 536.60472pt x 429.2838pt>
File: ./img/final/YOSEMITE_time_series.pdf Graphic file (type pdf)
<use ./img/final/YOSEMITE_time_series.pdf>
Package pdftex.def Info: ./img/final/YOSEMITE_time_series.pdf  used on input li
ne 849.
(pdftex.def)             Requested size: 497.92322pt x 398.3455pt.

Overfull \hbox (28.1682pt too wide) in paragraph at lines 849--858
[][] 
 []

[16 <./img/final/sim_sel.pdf>]
<./img/final/runtime.pdf, id=438, 487.8225pt x 216.81pt>
File: ./img/final/runtime.pdf Graphic file (type pdf)
<use ./img/final/runtime.pdf>
Package pdftex.def Info: ./img/final/runtime.pdf  used on input line 864.
(pdftex.def)             Requested size: 497.92322pt x 221.30206pt.

Overfull \hbox (28.1682pt too wide) in paragraph at lines 864--875
[][] 
 []

[17 <./img/final/YOSEMITE_time_series.pdf>] [18 <./img/final/runtime.pdf>]
[19] [20] [21]

LaTeX Warning: Reference `fig:cline' on page 22 undefined on input line 1082.

[22]

LaTeX Warning: Reference `fig:sweep_mean_fit' on page 23 undefined on input lin
e 1148.

(./HART_Geonomics_methods_paper_DRAFT.bbl [23] [24] [25]) [26]
<./img/final/WF_allele_trajectories.pdf, id=633, 1387.58403pt x 715.47299pt>
File: ./img/final/WF_allele_trajectories.pdf Graphic file (type pdf)
<use ./img/final/WF_allele_trajectories.pdf>
Package pdftex.def Info: ./img/final/WF_allele_trajectories.pdf  used on input 
line 1168.
(pdftex.def)             Requested size: 497.92322pt x 256.74037pt.

Overfull \hbox (28.1682pt too wide) in paragraph at lines 1168--1178
[][] 
 []

<./img/final/WF_mean_persist_vs_pop_size.pdf, id=634, 433.62pt x 433.62pt>
File: ./img/final/WF_mean_persist_vs_pop_size.pdf Graphic file (type pdf)
<use ./img/final/WF_mean_persist_vs_pop_size.pdf>
Package pdftex.def Info: ./img/final/WF_mean_persist_vs_pop_size.pdf  used on i
nput line 1184.
(pdftex.def)             Requested size: 426.79134pt x 426.81056pt.
<./img/validation/bottleneck/alleles_seem_to_take_too_long_to_fix.png, id=637, 
1387.584pt x 715.473pt>
File: ./img/validation/bottleneck/alleles_seem_to_take_too_long_to_fix.png Grap
hic file (type png)
<use ./img/validation/bottleneck/alleles_seem_to_take_too_long_to_fix.png>
Package pdftex.def Info: ./img/validation/bottleneck/alleles_seem_to_take_too_l
ong_to_fix.png  used on input line 1195.
(pdftex.def)             Requested size: 497.92322pt x 256.74037pt.

Overfull \hbox (28.1682pt too wide) in paragraph at lines 1195--1198
[][] 
 []

<./img/final/STEPPING_STONE_Fst_over_time.pdf, id=638, 289.08pt x 289.08pt>
File: ./img/final/STEPPING_STONE_Fst_over_time.pdf Graphic file (type pdf)
<use ./img/final/STEPPING_STONE_Fst_over_time.pdf>
Package pdftex.def Info: ./img/final/STEPPING_STONE_Fst_over_time.pdf  used on 
input line 1204.
(pdftex.def)             Requested size: 497.92322pt x 497.94894pt.

Overfull \hbox (28.1682pt too wide) in paragraph at lines 1204--1207
[][] 
 []

<./img/final/STEPPING_STONE_pop_plot_and_Fst_vs_mig_rate.pdf, id=639, 578.16pt 
x 289.08pt>
File: ./img/final/STEPPING_STONE_pop_plot_and_Fst_vs_mig_rate.pdf Graphic file 
(type pdf)
<use ./img/final/STEPPING_STONE_pop_plot_and_Fst_vs_mig_rate.pdf>
Package pdftex.def Info: ./img/final/STEPPING_STONE_pop_plot_and_Fst_vs_mig_rat
e.pdf  used on input line 1213.
(pdftex.def)             Requested size: 540.60236pt x 270.31488pt.

Overfull \hbox (70.84734pt too wide) in paragraph at lines 1213--1224
[][] 
 []

<./img/final/DIVERGENCE_allele_freqs.pdf, id=640, 1387.58403pt x 715.47299pt>
File: ./img/final/DIVERGENCE_allele_freqs.pdf Graphic file (type pdf)
<use ./img/final/DIVERGENCE_allele_freqs.pdf>
Package pdftex.def Info: ./img/final/DIVERGENCE_allele_freqs.pdf  used on input
 line 1230.
(pdftex.def)             Requested size: 497.92322pt x 256.74037pt.

Overfull \hbox (28.1682pt too wide) in paragraph at lines 1230--1235
[][] 
 []

<./img/final/DIVERGENCE_pop_plot.pdf, id=641, 1387.58403pt x 715.47299pt>
File: ./img/final/DIVERGENCE_pop_plot.pdf Graphic file (type pdf)
<use ./img/final/DIVERGENCE_pop_plot.pdf>
Package pdftex.def Info: ./img/final/DIVERGENCE_pop_plot.pdf  used on input lin
e 1241.
(pdftex.def)             Requested size: 497.92322pt x 256.74037pt.

Overfull \hbox (28.1682pt too wide) in paragraph at lines 1241--1252
[][] 
 []

<./img/final/CLINE_fitted_clines.pdf, id=642, 433.62pt x 433.62pt>
File: ./img/final/CLINE_fitted_clines.pdf Graphic file (type pdf)
<use ./img/final/CLINE_fitted_clines.pdf>
Package pdftex.def Info: ./img/final/CLINE_fitted_clines.pdf  used on input lin
e 1259.
(pdftex.def)             Requested size: 497.92322pt x 497.95116pt.

Overfull \hbox (28.1682pt too wide) in paragraph at lines 1259--1263
[][] 
 []

<./img/final/CLINE_pop_plot.pdf, id=643, 433.62pt x 433.62pt>
File: ./img/final/CLINE_pop_plot.pdf Graphic file (type pdf)
<use ./img/final/CLINE_pop_plot.pdf>
Package pdftex.def Info: ./img/final/CLINE_pop_plot.pdf  used on input line 127
0.
(pdftex.def)             Requested size: 497.92322pt x 497.95116pt.

Overfull \hbox (28.1682pt too wide) in paragraph at lines 1270--1276
[][] 
 []

<./img/final/SWEEP_pop_and_nuc_div.pdf, id=646, 1387.58403pt x 715.47299pt>
File: ./img/final/SWEEP_pop_and_nuc_div.pdf Graphic file (type pdf)
<use ./img/final/SWEEP_pop_and_nuc_div.pdf>
Package pdftex.def Info: ./img/final/SWEEP_pop_and_nuc_div.pdf  used on input l
ine 1283.
(pdftex.def)             Requested size: 497.92322pt x 256.74037pt.

Overfull \hbox (28.1682pt too wide) in paragraph at lines 1283--1293
[][] 
 []

<./img/final/SWEEP_mean_fit.pdf, id=649, 397.485pt x 289.08pt>
File: ./img/final/SWEEP_mean_fit.pdf Graphic file (type pdf)
<use ./img/final/SWEEP_mean_fit.pdf>
Package pdftex.def Info: ./img/final/SWEEP_mean_fit.pdf  used on input line 130
0.
(pdftex.def)             Requested size: 426.79134pt x 310.40205pt.
Package atveryend Info: Empty hook `BeforeClearDocument' on input line 1308.
[27 <./img/final/WF_allele_trajectories.pdf>] [28 <./img/final/WF_mean_persist_
vs_pop_size.pdf>] [29 <./img/validation/bottleneck/alleles_seem_to_take_too_lon
g_to_fix.png>] [30 <./img/final/STEPPING_STONE_Fst_over_time.pdf>] [31 <./img/f
inal/STEPPING_STONE_pop_plot_and_Fst_vs_mig_rate.pdf>] [32 <./img/final/DIVERGE
NCE_allele_freqs.pdf> <./img/final/DIVERGENCE_pop_plot.pdf

pdfTeX warning: pdflatex (file ./img/final/DIVERGENCE_pop_plot.pdf): PDF inclus
ion: multiple pdfs with page group included in a single page
>] [33 <./img/final/CLINE_fitted_clines.pdf>] [34 <./img/final/CLINE_pop_plot.p
df>] [35 <./img/final/SWEEP_pop_and_nuc_div.pdf>] [36 <./img/final/SWEEP_mean_f
it.pdf>]
Package atveryend Info: Empty hook `AfterLastShipout' on input line 1308.
 (./HART_Geonomics_methods_paper_DRAFT.aux)
Package atveryend Info: Executing hook `AtVeryEndDocument' on input line 1308.
Package atveryend Info: Executing hook `AtEndAfterFileList' on input line 1308.

Package rerunfilecheck Info: File `HART_Geonomics_methods_paper_DRAFT.out' has 
not changed.
(rerunfilecheck)             Checksum: 2E9F7E0012546A2C80768F9D9F3F5FF0;1826.


LaTeX Warning: There were undefined references.

Package atveryend Info: Empty hook `AtVeryVeryEnd' on input line 1308.
 ) 
Here is how much of TeX's memory you used:
 7222 strings out of 492616
 109942 string characters out of 6135178
 219553 words of memory out of 5000000
 10912 multiletter control sequences out of 15000+600000
 10530 words of font info for 39 fonts, out of 8000000 for 9000
 1141 hyphenation exceptions out of 8191
 36i,17n,39p,2100b,436s stack positions out of 5000i,500n,10000p,200000b,80000s
</usr/share/texmf-dist/fonts/type1/public/amsfonts/cm/cmbx10.pfb></usr/share/
texmf-dist/fonts/type1/public/amsfonts/cm/cmbx12.pfb></usr/share/texmf-dist/fon
ts/type1/public/amsfonts/cm/cmbx8.pfb></usr/share/texmf-dist/fonts/type1/public
/amsfonts/cm/cmex10.pfb></usr/share/texmf-dist/fonts/type1/public/amsfonts/cm/c
mmi10.pfb></usr/share/texmf-dist/fonts/type1/public/amsfonts/cm/cmmi12.pfb></us
r/share/texmf-dist/fonts/type1/public/amsfonts/cm/cmmi5.pfb></usr/share/texmf-d
ist/fonts/type1/public/amsfonts/cm/cmmi6.pfb></usr/share/texmf-dist/fonts/type1
/public/amsfonts/cm/cmmi7.pfb></usr/share/texmf-dist/fonts/type1/public/amsfont
s/cm/cmmi8.pfb></usr/share/texmf-dist/fonts/type1/public/amsfonts/cm/cmr10.pfb>
</usr/share/texmf-dist/fonts/type1/public/amsfonts/cm/cmr12.pfb></usr/share/tex
mf-dist/fonts/type1/public/amsfonts/cm/cmr17.pfb></usr/share/texmf-dist/fonts/t
ype1/public/amsfonts/cm/cmr6.pfb></usr/share/texmf-dist/fonts/type1/public/amsf
onts/cm/cmr7.pfb></usr/share/texmf-dist/fonts/type1/public/amsfonts/cm/cmr8.pfb
></usr/share/texmf-dist/fonts/type1/public/amsfonts/cm/cmsy10.pfb></usr/share/t
exmf-dist/fonts/type1/public/amsfonts/cm/cmsy8.pfb></usr/share/texmf-dist/fonts
/type1/public/amsfonts/cm/cmti10.pfb></usr/share/texmf-dist/fonts/type1/public/
amsfonts/cm/cmti12.pfb></usr/share/texmf-dist/fonts/type1/public/amsfonts/cm/cm
tt10.pfb></usr/share/texmf-dist/fonts/type1/public/amsfonts/cm/cmtt12.pfb></usr
/share/texmf-dist/fonts/type1/public/amsfonts/cm/cmtt8.pfb>
Output written on HART_Geonomics_methods_paper_DRAFT.pdf (36 pages, 9205318 byt
es).
PDF statistics:
 1283 PDF objects out of 1440 (max. 8388607)
 643 compressed objects within 7 object streams
 140 named destinations out of 1000 (max. 500000)
 302 words of extra memory for PDF output out of 10000 (max. 10000000)

