\BOOKMARK [1][-]{section.1}{Abstract}{}% 1
\BOOKMARK [1][-]{section.2}{Intro/Background}{}% 2
\BOOKMARK [1][-]{section.3}{Model description}{}% 3
\BOOKMARK [2][-]{subsection.3.1}{Components}{section.3}% 4
\BOOKMARK [3][-]{subsubsection.3.1.1}{Species}{subsection.3.1}% 5
\BOOKMARK [3][-]{subsubsection.3.1.2}{Landscape}{subsection.3.1}% 6
\BOOKMARK [2][-]{subsection.3.2}{Operations}{section.3}% 7
\BOOKMARK [2][-]{subsection.3.3}{Validation}{section.3}% 8
\BOOKMARK [1][-]{section.4}{Applications}{}% 9
\BOOKMARK [2][-]{subsection.4.1}{Isolation by distance and by environment}{section.4}% 10
\BOOKMARK [2][-]{subsection.4.2}{Simultaneous selection}{section.4}% 11
\BOOKMARK [2][-]{subsection.4.3}{Polygenic adaptation to climate change in the Yosemite region}{section.4}% 12
\BOOKMARK [1][-]{section.5}{Discussion}{}% 13
\BOOKMARK [2][-]{subsection.5.1}{Runtime and memory}{section.5}% 14
\BOOKMARK [2][-]{subsection.5.2}{Caveats}{section.5}% 15
\BOOKMARK [1][-]{section.6}{Getting started}{}% 16
\BOOKMARK [1][-]{section.7}{Conclusion}{}% 17
\BOOKMARK [1][-]{section.8}{Figures and Captions}{}% 18
\BOOKMARK [1][-]{section.9}{Supplements}{}% 19
\BOOKMARK [2][-]{subsection.9.1}{Validations tests}{section.9}% 20
\BOOKMARK [2][-]{subsection.9.2}{Wright-Fisher test: genetic drift}{section.9}% 21
\BOOKMARK [2][-]{subsection.9.3}{Bottleneck test: population dynamics}{section.9}% 22
\BOOKMARK [2][-]{subsection.9.4}{Stepping-stone test: population subdivision and genetic differentiation}{section.9}% 23
\BOOKMARK [2][-]{subsection.9.5}{Contrasting-habitat test: adaptive divergence}{section.9}% 24
\BOOKMARK [2][-]{subsection.9.6}{Cline test: local adaptation}{section.9}% 25
\BOOKMARK [2][-]{subsection.9.7}{Selective sweep test: genetic hitchhiking}{section.9}% 26
\BOOKMARK [1][-]{section.10}{Figures and Captions}{}% 27
